2022-09-15 15:53:07.342 [main] INFO  com.example.dechuan.YgWeighbridgeApplication - Starting YgWeighbridgeApplication using Java 1.8.0_281 on EdenX with PID 10692 (D:\Work\idea\yg-weight\target\classes started by EdenX in D:\Work\idea\yg-weight)
2022-09-15 15:53:07.344 [main] INFO  com.example.dechuan.YgWeighbridgeApplication - The following profiles are active: dev
2022-09-15 15:53:14.416 [main] INFO  org.springframework.boot.web.embedded.tomcat.TomcatWebServer - Tomcat initialized with port(s): 8083 (http)
2022-09-15 15:53:14.487 [main] INFO  org.apache.coyote.http11.Http11NioProtocol - Initializing ProtocolHandler ["http-nio-8083"]
2022-09-15 15:53:14.493 [main] INFO  org.apache.catalina.core.StandardService - Starting service [Tomcat]
2022-09-15 15:53:14.498 [main] INFO  org.apache.catalina.core.StandardEngine - Starting Servlet engine: [Apache Tomcat/9.0.56]
2022-09-15 15:53:15.313 [main] INFO  org.apache.catalina.core.ContainerBase.[Tomcat].[localhost].[/] - Initializing Spring embedded WebApplicationContext
2022-09-15 15:53:15.313 [main] INFO  org.springframework.boot.web.servlet.context.ServletWebServerApplicationContext - Root WebApplicationContext: initialization completed in 7863 ms
2022-09-15 15:53:17.583 [main] INFO  org.springframework.boot.autoconfigure.web.servlet.WelcomePageHandlerMapping - Adding welcome page template: index
2022-09-15 15:53:18.476 [main] INFO  org.apache.coyote.http11.Http11NioProtocol - Starting ProtocolHandler ["http-nio-8083"]
2022-09-15 15:53:18.509 [main] INFO  org.springframework.boot.web.embedded.tomcat.TomcatWebServer - Tomcat started on port(s): 8083 (http) with context path ''
2022-09-15 15:53:18.555 [main] INFO  com.example.dechuan.YgWeighbridgeApplication - Started YgWeighbridgeApplication in 12.585 seconds (JVM running for 16.929)
2022-09-15 15:53:36.621 [http-nio-8083-exec-1] INFO  org.apache.catalina.core.ContainerBase.[Tomcat].[localhost].[/] - Initializing Spring DispatcherServlet 'dispatcherServlet'
2022-09-15 15:53:36.621 [http-nio-8083-exec-1] INFO  org.springframework.web.servlet.DispatcherServlet - Initializing Servlet 'dispatcherServlet'
2022-09-15 15:53:36.623 [http-nio-8083-exec-1] INFO  org.springframework.web.servlet.DispatcherServlet - Completed initialization in 2 ms
2022-09-15 15:53:36.837 [http-nio-8083-exec-1] INFO  com.zaxxer.hikari.HikariDataSource - HikariPool-1 - Starting...
2022-09-15 15:53:39.674 [http-nio-8083-exec-1] INFO  com.zaxxer.hikari.HikariDataSource - HikariPool-1 - Start completed.
2022-09-15 15:54:03.178 [SpringApplicationShutdownHook] INFO  com.zaxxer.hikari.HikariDataSource - HikariPool-1 - Shutdown initiated...
2022-09-15 15:54:03.198 [SpringApplicationShutdownHook] INFO  com.zaxxer.hikari.HikariDataSource - HikariPool-1 - Shutdown completed.
2022-09-15 15:54:27.331 [main] INFO  org.springframework.boot.test.context.SpringBootTestContextBootstrapper - Neither @ContextConfiguration nor @ContextHierarchy found for test class [com.example.dechuan.YgWeighbridgeApplicationTests], using SpringBootContextLoader
2022-09-15 15:54:27.343 [main] INFO  org.springframework.test.context.support.AbstractContextLoader - Could not detect default resource locations for test class [com.example.dechuan.YgWeighbridgeApplicationTests]: no resource found for suffixes {-context.xml, Context.groovy}.
2022-09-15 15:54:27.345 [main] INFO  org.springframework.test.context.support.AnnotationConfigContextLoaderUtils - Could not detect default configuration classes for test class [com.example.dechuan.YgWeighbridgeApplicationTests]: YgWeighbridgeApplicationTests does not declare any static, non-private, non-final, nested classes annotated with @Configuration.
2022-09-15 15:54:27.670 [main] INFO  org.springframework.boot.test.context.SpringBootTestContextBootstrapper - Found @SpringBootConfiguration com.example.dechuan.YgWeighbridgeApplication for test class com.example.dechuan.YgWeighbridgeApplicationTests
2022-09-15 15:54:27.922 [main] INFO  org.springframework.boot.test.context.SpringBootTestContextBootstrapper - Loaded default TestExecutionListener class names from location [META-INF/spring.factories]: [org.springframework.boot.test.mock.mockito.MockitoTestExecutionListener, org.springframework.boot.test.mock.mockito.ResetMocksTestExecutionListener, org.springframework.boot.test.autoconfigure.restdocs.RestDocsTestExecutionListener, org.springframework.boot.test.autoconfigure.web.client.MockRestServiceServerResetTestExecutionListener, org.springframework.boot.test.autoconfigure.web.servlet.MockMvcPrintOnlyOnFailureTestExecutionListener, org.springframework.boot.test.autoconfigure.web.servlet.WebDriverTestExecutionListener, org.springframework.boot.test.autoconfigure.webservices.client.MockWebServiceServerTestExecutionListener, org.springframework.test.context.web.ServletTestExecutionListener, org.springframework.test.context.support.DirtiesContextBeforeModesTestExecutionListener, org.springframework.test.context.event.ApplicationEventsTestExecutionListener, org.springframework.test.context.support.DependencyInjectionTestExecutionListener, org.springframework.test.context.support.DirtiesContextTestExecutionListener, org.springframework.test.context.transaction.TransactionalTestExecutionListener, org.springframework.test.context.jdbc.SqlScriptsTestExecutionListener, org.springframework.test.context.event.EventPublishingTestExecutionListener]
2022-09-15 15:54:27.990 [main] INFO  org.springframework.boot.test.context.SpringBootTestContextBootstrapper - Using TestExecutionListeners: [org.springframework.test.context.web.ServletTestExecutionListener@19c65cdc, org.springframework.test.context.support.DirtiesContextBeforeModesTestExecutionListener@74bf1791, org.springframework.test.context.event.ApplicationEventsTestExecutionListener@54504ecd, org.springframework.boot.test.mock.mockito.MockitoTestExecutionListener@38b27cdc, org.springframework.boot.test.autoconfigure.SpringBootDependencyInjectionTestExecutionListener@1339e7aa, org.springframework.test.context.support.DirtiesContextTestExecutionListener@1fb669c3, org.springframework.test.context.transaction.TransactionalTestExecutionListener@49c66ade, org.springframework.test.context.jdbc.SqlScriptsTestExecutionListener@6239aba6, org.springframework.test.context.event.EventPublishingTestExecutionListener@3e6104fc, org.springframework.boot.test.mock.mockito.ResetMocksTestExecutionListener@12359a82, org.springframework.boot.test.autoconfigure.restdocs.RestDocsTestExecutionListener@68df9280, org.springframework.boot.test.autoconfigure.web.client.MockRestServiceServerResetTestExecutionListener@479460a6, org.springframework.boot.test.autoconfigure.web.servlet.MockMvcPrintOnlyOnFailureTestExecutionListener@7164ca4c, org.springframework.boot.test.autoconfigure.web.servlet.WebDriverTestExecutionListener@4f3bbf68, org.springframework.boot.test.autoconfigure.webservices.client.MockWebServiceServerTestExecutionListener@5be46f9d]
2022-09-15 15:54:28.909 [main] INFO  com.example.dechuan.YgWeighbridgeApplicationTests - Starting YgWeighbridgeApplicationTests using Java 1.8.0_281 on EdenX with PID 10744 (started by EdenX in D:\Work\idea\yg-weight)
2022-09-15 15:54:28.911 [main] INFO  com.example.dechuan.YgWeighbridgeApplicationTests - The following profiles are active: pro
2022-09-15 15:54:41.356 [main] INFO  org.springframework.boot.autoconfigure.web.servlet.WelcomePageHandlerMapping - Adding welcome page template: index
2022-09-15 15:54:45.366 [main] INFO  com.example.dechuan.YgWeighbridgeApplicationTests - Started YgWeighbridgeApplicationTests in 17.245 seconds (JVM running for 20.957)
