2022-09-29 10:30:15.520 [SpringApplicationShutdownHook] INFO  com.zaxxer.hikari.HikariDataSource - HikariPool-1 - Shutdown initiated...
2022-09-29 10:30:15.532 [SpringApplicationShutdownHook] INFO  com.zaxxer.hikari.HikariDataSource - HikariPool-1 - Shutdown completed.
2022-09-29 11:42:01.978 [main] INFO  com.example.dechuan.YgWeighbridgeApplication - Starting YgWeighbridgeApplication using Java 1.8.0_281 on EdenX with PID 10656 (D:\Work\idea\yg-weight\target\classes started by EdenX in D:\Work\idea\yg-weight)
2022-09-29 11:42:01.980 [main] INFO  com.example.dechuan.YgWeighbridgeApplication - The following profiles are active: dev
2022-09-29 11:42:04.957 [main] INFO  org.springframework.boot.web.embedded.tomcat.TomcatWebServer - Tomcat initialized with port(s): 8083 (http)
2022-09-29 11:42:04.969 [main] INFO  org.apache.coyote.http11.Http11NioProtocol - Initializing ProtocolHandler ["http-nio-8083"]
2022-09-29 11:42:04.970 [main] INFO  org.apache.catalina.core.StandardService - Starting service [Tomcat]
2022-09-29 11:42:04.970 [main] INFO  org.apache.catalina.core.StandardEngine - Starting Servlet engine: [Apache Tomcat/9.0.56]
2022-09-29 11:42:05.176 [main] INFO  org.apache.catalina.core.ContainerBase.[Tomcat].[localhost].[/] - Initializing Spring embedded WebApplicationContext
2022-09-29 11:42:05.177 [main] INFO  org.springframework.boot.web.servlet.context.ServletWebServerApplicationContext - Root WebApplicationContext: initialization completed in 3011 ms
2022-09-29 11:42:06.488 [main] INFO  org.springframework.boot.autoconfigure.web.servlet.WelcomePageHandlerMapping - Adding welcome page template: index
2022-09-29 11:42:07.121 [main] INFO  org.apache.coyote.http11.Http11NioProtocol - Starting ProtocolHandler ["http-nio-8083"]
2022-09-29 11:42:07.152 [main] INFO  org.springframework.boot.web.embedded.tomcat.TomcatWebServer - Tomcat started on port(s): 8083 (http) with context path ''
2022-09-29 11:42:07.202 [main] INFO  com.example.dechuan.YgWeighbridgeApplication - Started YgWeighbridgeApplication in 5.952 seconds (JVM running for 8.691)
2022-09-29 11:42:11.202 [http-nio-8083-exec-1] INFO  org.apache.catalina.core.ContainerBase.[Tomcat].[localhost].[/] - Initializing Spring DispatcherServlet 'dispatcherServlet'
2022-09-29 11:42:11.202 [http-nio-8083-exec-1] INFO  org.springframework.web.servlet.DispatcherServlet - Initializing Servlet 'dispatcherServlet'
2022-09-29 11:42:11.204 [http-nio-8083-exec-1] INFO  org.springframework.web.servlet.DispatcherServlet - Completed initialization in 2 ms
2022-09-29 11:42:30.318 [main] INFO  com.example.dechuan.YgWeighbridgeApplication - Starting YgWeighbridgeApplication using Java 1.8.0_281 on EdenX with PID 18860 (D:\Work\idea\yg-weight\target\classes started by EdenX in D:\Work\idea\yg-weight)
2022-09-29 11:42:30.320 [main] INFO  com.example.dechuan.YgWeighbridgeApplication - The following profiles are active: dev
2022-09-29 11:42:31.862 [main] INFO  org.springframework.boot.web.embedded.tomcat.TomcatWebServer - Tomcat initialized with port(s): 8083 (http)
2022-09-29 11:42:31.874 [main] INFO  org.apache.coyote.http11.Http11NioProtocol - Initializing ProtocolHandler ["http-nio-8083"]
2022-09-29 11:42:31.875 [main] INFO  org.apache.catalina.core.StandardService - Starting service [Tomcat]
2022-09-29 11:42:31.875 [main] INFO  org.apache.catalina.core.StandardEngine - Starting Servlet engine: [Apache Tomcat/9.0.56]
2022-09-29 11:42:32.072 [main] INFO  org.apache.catalina.core.ContainerBase.[Tomcat].[localhost].[/] - Initializing Spring embedded WebApplicationContext
2022-09-29 11:42:32.072 [main] INFO  org.springframework.boot.web.servlet.context.ServletWebServerApplicationContext - Root WebApplicationContext: initialization completed in 1683 ms
2022-09-29 11:42:33.014 [main] INFO  org.springframework.boot.autoconfigure.web.servlet.WelcomePageHandlerMapping - Adding welcome page template: index
2022-09-29 11:42:33.395 [main] INFO  org.apache.coyote.http11.Http11NioProtocol - Starting ProtocolHandler ["http-nio-8083"]
2022-09-29 11:42:33.425 [main] INFO  org.springframework.boot.web.embedded.tomcat.TomcatWebServer - Tomcat started on port(s): 8083 (http) with context path ''
2022-09-29 11:42:33.467 [main] INFO  com.example.dechuan.YgWeighbridgeApplication - Started YgWeighbridgeApplication in 3.627 seconds (JVM running for 6.036)
2022-09-29 11:42:36.319 [http-nio-8083-exec-1] INFO  org.apache.catalina.core.ContainerBase.[Tomcat].[localhost].[/] - Initializing Spring DispatcherServlet 'dispatcherServlet'
2022-09-29 11:42:36.319 [http-nio-8083-exec-1] INFO  org.springframework.web.servlet.DispatcherServlet - Initializing Servlet 'dispatcherServlet'
2022-09-29 11:42:36.320 [http-nio-8083-exec-1] INFO  org.springframework.web.servlet.DispatcherServlet - Completed initialization in 1 ms
2022-09-29 11:42:36.437 [http-nio-8083-exec-1] INFO  com.zaxxer.hikari.HikariDataSource - HikariPool-1 - Starting...
2022-09-29 11:44:46.445 [main] INFO  com.example.dechuan.YgWeighbridgeApplication - Starting YgWeighbridgeApplication using Java 1.8.0_281 on EdenX with PID 736 (D:\Work\idea\yg-weight\target\classes started by EdenX in D:\Work\idea\yg-weight)
2022-09-29 11:44:46.446 [main] INFO  com.example.dechuan.YgWeighbridgeApplication - The following profiles are active: dev
2022-09-29 11:44:48.186 [main] INFO  org.springframework.boot.web.embedded.tomcat.TomcatWebServer - Tomcat initialized with port(s): 8083 (http)
2022-09-29 11:44:48.196 [main] INFO  org.apache.coyote.http11.Http11NioProtocol - Initializing ProtocolHandler ["http-nio-8083"]
2022-09-29 11:44:48.197 [main] INFO  org.apache.catalina.core.StandardService - Starting service [Tomcat]
2022-09-29 11:44:48.197 [main] INFO  org.apache.catalina.core.StandardEngine - Starting Servlet engine: [Apache Tomcat/9.0.56]
2022-09-29 11:44:48.396 [main] INFO  org.apache.catalina.core.ContainerBase.[Tomcat].[localhost].[/] - Initializing Spring embedded WebApplicationContext
2022-09-29 11:44:48.396 [main] INFO  org.springframework.boot.web.servlet.context.ServletWebServerApplicationContext - Root WebApplicationContext: initialization completed in 1869 ms
2022-09-29 11:44:49.428 [main] INFO  org.springframework.boot.autoconfigure.web.servlet.WelcomePageHandlerMapping - Adding welcome page template: index
2022-09-29 11:44:49.760 [main] INFO  org.apache.coyote.http11.Http11NioProtocol - Starting ProtocolHandler ["http-nio-8083"]
2022-09-29 11:44:49.789 [main] INFO  org.springframework.boot.web.embedded.tomcat.TomcatWebServer - Tomcat started on port(s): 8083 (http) with context path ''
2022-09-29 11:44:49.831 [main] INFO  com.example.dechuan.YgWeighbridgeApplication - Started YgWeighbridgeApplication in 3.882 seconds (JVM running for 6.319)
2022-09-29 11:45:00.453 [http-nio-8083-exec-2] INFO  org.apache.catalina.core.ContainerBase.[Tomcat].[localhost].[/] - Initializing Spring DispatcherServlet 'dispatcherServlet'
2022-09-29 11:45:00.453 [http-nio-8083-exec-2] INFO  org.springframework.web.servlet.DispatcherServlet - Initializing Servlet 'dispatcherServlet'
2022-09-29 11:45:00.455 [http-nio-8083-exec-2] INFO  org.springframework.web.servlet.DispatcherServlet - Completed initialization in 2 ms
2022-09-29 11:45:00.537 [http-nio-8083-exec-2] INFO  com.zaxxer.hikari.HikariDataSource - HikariPool-1 - Starting...
2022-09-29 11:45:02.379 [http-nio-8083-exec-2] INFO  com.zaxxer.hikari.HikariDataSource - HikariPool-1 - Start completed.
2022-09-29 14:32:25.636 [main] INFO  org.springframework.boot.test.context.SpringBootTestContextBootstrapper - Neither @ContextConfiguration nor @ContextHierarchy found for test class [com.example.dechuan.YgWeighbridgeApplicationTests], using SpringBootContextLoader
2022-09-29 14:32:25.643 [main] INFO  org.springframework.test.context.support.AbstractContextLoader - Could not detect default resource locations for test class [com.example.dechuan.YgWeighbridgeApplicationTests]: no resource found for suffixes {-context.xml, Context.groovy}.
2022-09-29 14:32:25.644 [main] INFO  org.springframework.test.context.support.AnnotationConfigContextLoaderUtils - Could not detect default configuration classes for test class [com.example.dechuan.YgWeighbridgeApplicationTests]: YgWeighbridgeApplicationTests does not declare any static, non-private, non-final, nested classes annotated with @Configuration.
2022-09-29 14:32:25.984 [main] INFO  org.springframework.boot.test.context.SpringBootTestContextBootstrapper - Found @SpringBootConfiguration com.example.dechuan.YgWeighbridgeApplication for test class com.example.dechuan.YgWeighbridgeApplicationTests
2022-09-29 14:32:26.151 [main] INFO  org.springframework.boot.test.context.SpringBootTestContextBootstrapper - Loaded default TestExecutionListener class names from location [META-INF/spring.factories]: [org.springframework.boot.test.mock.mockito.MockitoTestExecutionListener, org.springframework.boot.test.mock.mockito.ResetMocksTestExecutionListener, org.springframework.boot.test.autoconfigure.restdocs.RestDocsTestExecutionListener, org.springframework.boot.test.autoconfigure.web.client.MockRestServiceServerResetTestExecutionListener, org.springframework.boot.test.autoconfigure.web.servlet.MockMvcPrintOnlyOnFailureTestExecutionListener, org.springframework.boot.test.autoconfigure.web.servlet.WebDriverTestExecutionListener, org.springframework.boot.test.autoconfigure.webservices.client.MockWebServiceServerTestExecutionListener, org.springframework.test.context.web.ServletTestExecutionListener, org.springframework.test.context.support.DirtiesContextBeforeModesTestExecutionListener, org.springframework.test.context.event.ApplicationEventsTestExecutionListener, org.springframework.test.context.support.DependencyInjectionTestExecutionListener, org.springframework.test.context.support.DirtiesContextTestExecutionListener, org.springframework.test.context.transaction.TransactionalTestExecutionListener, org.springframework.test.context.jdbc.SqlScriptsTestExecutionListener, org.springframework.test.context.event.EventPublishingTestExecutionListener]
2022-09-29 14:32:26.179 [main] INFO  org.springframework.boot.test.context.SpringBootTestContextBootstrapper - Using TestExecutionListeners: [org.springframework.test.context.web.ServletTestExecutionListener@327bcebd, org.springframework.test.context.support.DirtiesContextBeforeModesTestExecutionListener@19c65cdc, org.springframework.test.context.event.ApplicationEventsTestExecutionListener@74bf1791, org.springframework.boot.test.mock.mockito.MockitoTestExecutionListener@54504ecd, org.springframework.boot.test.autoconfigure.SpringBootDependencyInjectionTestExecutionListener@38b27cdc, org.springframework.test.context.support.DirtiesContextTestExecutionListener@1339e7aa, org.springframework.test.context.transaction.TransactionalTestExecutionListener@1fb669c3, org.springframework.test.context.jdbc.SqlScriptsTestExecutionListener@49c66ade, org.springframework.test.context.event.EventPublishingTestExecutionListener@6239aba6, org.springframework.boot.test.mock.mockito.ResetMocksTestExecutionListener@3e6104fc, org.springframework.boot.test.autoconfigure.restdocs.RestDocsTestExecutionListener@12359a82, org.springframework.boot.test.autoconfigure.web.client.MockRestServiceServerResetTestExecutionListener@68df9280, org.springframework.boot.test.autoconfigure.web.servlet.MockMvcPrintOnlyOnFailureTestExecutionListener@479460a6, org.springframework.boot.test.autoconfigure.web.servlet.WebDriverTestExecutionListener@7164ca4c, org.springframework.boot.test.autoconfigure.webservices.client.MockWebServiceServerTestExecutionListener@4f3bbf68]
2022-09-29 14:32:26.919 [main] INFO  com.example.dechuan.YgWeighbridgeApplicationTests - Starting YgWeighbridgeApplicationTests using Java 1.8.0_281 on EdenX with PID 12796 (started by EdenX in D:\Work\idea\yg-weight)
2022-09-29 14:32:26.923 [main] INFO  com.example.dechuan.YgWeighbridgeApplicationTests - The following profiles are active: pro
2022-09-29 14:32:31.260 [main] INFO  org.springframework.boot.autoconfigure.web.servlet.WelcomePageHandlerMapping - Adding welcome page template: index
2022-09-29 14:32:32.591 [main] INFO  com.example.dechuan.YgWeighbridgeApplicationTests - Started YgWeighbridgeApplicationTests in 6.338 seconds (JVM running for 8.621)
2022-09-29 14:44:57.596 [main] INFO  org.springframework.boot.test.context.SpringBootTestContextBootstrapper - Neither @ContextConfiguration nor @ContextHierarchy found for test class [com.example.dechuan.YgWeighbridgeApplicationTests], using SpringBootContextLoader
2022-09-29 14:44:57.601 [main] INFO  org.springframework.test.context.support.AbstractContextLoader - Could not detect default resource locations for test class [com.example.dechuan.YgWeighbridgeApplicationTests]: no resource found for suffixes {-context.xml, Context.groovy}.
2022-09-29 14:44:57.603 [main] INFO  org.springframework.test.context.support.AnnotationConfigContextLoaderUtils - Could not detect default configuration classes for test class [com.example.dechuan.YgWeighbridgeApplicationTests]: YgWeighbridgeApplicationTests does not declare any static, non-private, non-final, nested classes annotated with @Configuration.
2022-09-29 14:44:57.843 [main] INFO  org.springframework.boot.test.context.SpringBootTestContextBootstrapper - Found @SpringBootConfiguration com.example.dechuan.YgWeighbridgeApplication for test class com.example.dechuan.YgWeighbridgeApplicationTests
2022-09-29 14:44:57.984 [main] INFO  org.springframework.boot.test.context.SpringBootTestContextBootstrapper - Loaded default TestExecutionListener class names from location [META-INF/spring.factories]: [org.springframework.boot.test.mock.mockito.MockitoTestExecutionListener, org.springframework.boot.test.mock.mockito.ResetMocksTestExecutionListener, org.springframework.boot.test.autoconfigure.restdocs.RestDocsTestExecutionListener, org.springframework.boot.test.autoconfigure.web.client.MockRestServiceServerResetTestExecutionListener, org.springframework.boot.test.autoconfigure.web.servlet.MockMvcPrintOnlyOnFailureTestExecutionListener, org.springframework.boot.test.autoconfigure.web.servlet.WebDriverTestExecutionListener, org.springframework.boot.test.autoconfigure.webservices.client.MockWebServiceServerTestExecutionListener, org.springframework.test.context.web.ServletTestExecutionListener, org.springframework.test.context.support.DirtiesContextBeforeModesTestExecutionListener, org.springframework.test.context.event.ApplicationEventsTestExecutionListener, org.springframework.test.context.support.DependencyInjectionTestExecutionListener, org.springframework.test.context.support.DirtiesContextTestExecutionListener, org.springframework.test.context.transaction.TransactionalTestExecutionListener, org.springframework.test.context.jdbc.SqlScriptsTestExecutionListener, org.springframework.test.context.event.EventPublishingTestExecutionListener]
2022-09-29 14:44:58.010 [main] INFO  org.springframework.boot.test.context.SpringBootTestContextBootstrapper - Using TestExecutionListeners: [org.springframework.test.context.web.ServletTestExecutionListener@327bcebd, org.springframework.test.context.support.DirtiesContextBeforeModesTestExecutionListener@19c65cdc, org.springframework.test.context.event.ApplicationEventsTestExecutionListener@74bf1791, org.springframework.boot.test.mock.mockito.MockitoTestExecutionListener@54504ecd, org.springframework.boot.test.autoconfigure.SpringBootDependencyInjectionTestExecutionListener@38b27cdc, org.springframework.test.context.support.DirtiesContextTestExecutionListener@1339e7aa, org.springframework.test.context.transaction.TransactionalTestExecutionListener@1fb669c3, org.springframework.test.context.jdbc.SqlScriptsTestExecutionListener@49c66ade, org.springframework.test.context.event.EventPublishingTestExecutionListener@6239aba6, org.springframework.boot.test.mock.mockito.ResetMocksTestExecutionListener@3e6104fc, org.springframework.boot.test.autoconfigure.restdocs.RestDocsTestExecutionListener@12359a82, org.springframework.boot.test.autoconfigure.web.client.MockRestServiceServerResetTestExecutionListener@68df9280, org.springframework.boot.test.autoconfigure.web.servlet.MockMvcPrintOnlyOnFailureTestExecutionListener@479460a6, org.springframework.boot.test.autoconfigure.web.servlet.WebDriverTestExecutionListener@7164ca4c, org.springframework.boot.test.autoconfigure.webservices.client.MockWebServiceServerTestExecutionListener@4f3bbf68]
2022-09-29 14:44:58.601 [main] INFO  com.example.dechuan.YgWeighbridgeApplicationTests - Starting YgWeighbridgeApplicationTests using Java 1.8.0_281 on EdenX with PID 18476 (started by EdenX in D:\Work\idea\yg-weight)
2022-09-29 14:44:58.602 [main] INFO  com.example.dechuan.YgWeighbridgeApplicationTests - The following profiles are active: pro
2022-09-29 14:45:03.201 [main] INFO  org.springframework.boot.autoconfigure.web.servlet.WelcomePageHandlerMapping - Adding welcome page template: index
2022-09-29 14:45:04.503 [main] INFO  com.example.dechuan.YgWeighbridgeApplicationTests - Started YgWeighbridgeApplicationTests in 6.418 seconds (JVM running for 8.182)
2022-09-29 14:47:14.148 [SpringApplicationShutdownHook] INFO  com.zaxxer.hikari.HikariDataSource - HikariPool-1 - Shutdown initiated...
2022-09-29 14:47:14.161 [SpringApplicationShutdownHook] INFO  com.zaxxer.hikari.HikariDataSource - HikariPool-1 - Shutdown completed.
2022-09-29 14:50:40.046 [main] INFO  org.springframework.boot.test.context.SpringBootTestContextBootstrapper - Neither @ContextConfiguration nor @ContextHierarchy found for test class [com.example.dechuan.YgWeighbridgeApplicationTests], using SpringBootContextLoader
2022-09-29 14:50:40.053 [main] INFO  org.springframework.test.context.support.AbstractContextLoader - Could not detect default resource locations for test class [com.example.dechuan.YgWeighbridgeApplicationTests]: no resource found for suffixes {-context.xml, Context.groovy}.
2022-09-29 14:50:40.054 [main] INFO  org.springframework.test.context.support.AnnotationConfigContextLoaderUtils - Could not detect default configuration classes for test class [com.example.dechuan.YgWeighbridgeApplicationTests]: YgWeighbridgeApplicationTests does not declare any static, non-private, non-final, nested classes annotated with @Configuration.
2022-09-29 14:50:40.267 [main] INFO  org.springframework.boot.test.context.SpringBootTestContextBootstrapper - Found @SpringBootConfiguration com.example.dechuan.YgWeighbridgeApplication for test class com.example.dechuan.YgWeighbridgeApplicationTests
2022-09-29 14:50:40.387 [main] INFO  org.springframework.boot.test.context.SpringBootTestContextBootstrapper - Loaded default TestExecutionListener class names from location [META-INF/spring.factories]: [org.springframework.boot.test.mock.mockito.MockitoTestExecutionListener, org.springframework.boot.test.mock.mockito.ResetMocksTestExecutionListener, org.springframework.boot.test.autoconfigure.restdocs.RestDocsTestExecutionListener, org.springframework.boot.test.autoconfigure.web.client.MockRestServiceServerResetTestExecutionListener, org.springframework.boot.test.autoconfigure.web.servlet.MockMvcPrintOnlyOnFailureTestExecutionListener, org.springframework.boot.test.autoconfigure.web.servlet.WebDriverTestExecutionListener, org.springframework.boot.test.autoconfigure.webservices.client.MockWebServiceServerTestExecutionListener, org.springframework.test.context.web.ServletTestExecutionListener, org.springframework.test.context.support.DirtiesContextBeforeModesTestExecutionListener, org.springframework.test.context.event.ApplicationEventsTestExecutionListener, org.springframework.test.context.support.DependencyInjectionTestExecutionListener, org.springframework.test.context.support.DirtiesContextTestExecutionListener, org.springframework.test.context.transaction.TransactionalTestExecutionListener, org.springframework.test.context.jdbc.SqlScriptsTestExecutionListener, org.springframework.test.context.event.EventPublishingTestExecutionListener]
2022-09-29 14:50:40.412 [main] INFO  org.springframework.boot.test.context.SpringBootTestContextBootstrapper - Using TestExecutionListeners: [org.springframework.test.context.web.ServletTestExecutionListener@6c4980d3, org.springframework.test.context.support.DirtiesContextBeforeModesTestExecutionListener@327bcebd, org.springframework.test.context.event.ApplicationEventsTestExecutionListener@19c65cdc, org.springframework.boot.test.mock.mockito.MockitoTestExecutionListener@74bf1791, org.springframework.boot.test.autoconfigure.SpringBootDependencyInjectionTestExecutionListener@54504ecd, org.springframework.test.context.support.DirtiesContextTestExecutionListener@38b27cdc, org.springframework.test.context.transaction.TransactionalTestExecutionListener@1339e7aa, org.springframework.test.context.jdbc.SqlScriptsTestExecutionListener@1fb669c3, org.springframework.test.context.event.EventPublishingTestExecutionListener@49c66ade, org.springframework.boot.test.mock.mockito.ResetMocksTestExecutionListener@6239aba6, org.springframework.boot.test.autoconfigure.restdocs.RestDocsTestExecutionListener@3e6104fc, org.springframework.boot.test.autoconfigure.web.client.MockRestServiceServerResetTestExecutionListener@12359a82, org.springframework.boot.test.autoconfigure.web.servlet.MockMvcPrintOnlyOnFailureTestExecutionListener@68df9280, org.springframework.boot.test.autoconfigure.web.servlet.WebDriverTestExecutionListener@479460a6, org.springframework.boot.test.autoconfigure.webservices.client.MockWebServiceServerTestExecutionListener@7164ca4c]
2022-09-29 14:50:40.947 [main] INFO  com.example.dechuan.YgWeighbridgeApplicationTests - Starting YgWeighbridgeApplicationTests using Java 1.8.0_281 on EdenX with PID 16476 (started by EdenX in D:\Work\idea\yg-weight)
2022-09-29 14:50:40.948 [main] INFO  com.example.dechuan.YgWeighbridgeApplicationTests - The following profiles are active: pro
2022-09-29 14:50:46.268 [main] INFO  org.springframework.boot.autoconfigure.web.servlet.WelcomePageHandlerMapping - Adding welcome page template: index
2022-09-29 14:50:48.893 [main] INFO  com.example.dechuan.YgWeighbridgeApplicationTests - Started YgWeighbridgeApplicationTests in 8.416 seconds (JVM running for 10.134)
2022-09-29 14:54:01.944 [main] INFO  org.springframework.boot.test.context.SpringBootTestContextBootstrapper - Neither @ContextConfiguration nor @ContextHierarchy found for test class [com.example.dechuan.YgWeighbridgeApplicationTests], using SpringBootContextLoader
2022-09-29 14:54:01.956 [main] INFO  org.springframework.test.context.support.AbstractContextLoader - Could not detect default resource locations for test class [com.example.dechuan.YgWeighbridgeApplicationTests]: no resource found for suffixes {-context.xml, Context.groovy}.
2022-09-29 14:54:01.957 [main] INFO  org.springframework.test.context.support.AnnotationConfigContextLoaderUtils - Could not detect default configuration classes for test class [com.example.dechuan.YgWeighbridgeApplicationTests]: YgWeighbridgeApplicationTests does not declare any static, non-private, non-final, nested classes annotated with @Configuration.
2022-09-29 14:54:02.338 [main] INFO  org.springframework.boot.test.context.SpringBootTestContextBootstrapper - Found @SpringBootConfiguration com.example.dechuan.YgWeighbridgeApplication for test class com.example.dechuan.YgWeighbridgeApplicationTests
2022-09-29 14:54:02.541 [main] INFO  org.springframework.boot.test.context.SpringBootTestContextBootstrapper - Loaded default TestExecutionListener class names from location [META-INF/spring.factories]: [org.springframework.boot.test.mock.mockito.MockitoTestExecutionListener, org.springframework.boot.test.mock.mockito.ResetMocksTestExecutionListener, org.springframework.boot.test.autoconfigure.restdocs.RestDocsTestExecutionListener, org.springframework.boot.test.autoconfigure.web.client.MockRestServiceServerResetTestExecutionListener, org.springframework.boot.test.autoconfigure.web.servlet.MockMvcPrintOnlyOnFailureTestExecutionListener, org.springframework.boot.test.autoconfigure.web.servlet.WebDriverTestExecutionListener, org.springframework.boot.test.autoconfigure.webservices.client.MockWebServiceServerTestExecutionListener, org.springframework.test.context.web.ServletTestExecutionListener, org.springframework.test.context.support.DirtiesContextBeforeModesTestExecutionListener, org.springframework.test.context.event.ApplicationEventsTestExecutionListener, org.springframework.test.context.support.DependencyInjectionTestExecutionListener, org.springframework.test.context.support.DirtiesContextTestExecutionListener, org.springframework.test.context.transaction.TransactionalTestExecutionListener, org.springframework.test.context.jdbc.SqlScriptsTestExecutionListener, org.springframework.test.context.event.EventPublishingTestExecutionListener]
2022-09-29 14:54:02.643 [main] INFO  org.springframework.boot.test.context.SpringBootTestContextBootstrapper - Using TestExecutionListeners: [org.springframework.test.context.web.ServletTestExecutionListener@6c4980d3, org.springframework.test.context.support.DirtiesContextBeforeModesTestExecutionListener@327bcebd, org.springframework.test.context.event.ApplicationEventsTestExecutionListener@19c65cdc, org.springframework.boot.test.mock.mockito.MockitoTestExecutionListener@74bf1791, org.springframework.boot.test.autoconfigure.SpringBootDependencyInjectionTestExecutionListener@54504ecd, org.springframework.test.context.support.DirtiesContextTestExecutionListener@38b27cdc, org.springframework.test.context.transaction.TransactionalTestExecutionListener@1339e7aa, org.springframework.test.context.jdbc.SqlScriptsTestExecutionListener@1fb669c3, org.springframework.test.context.event.EventPublishingTestExecutionListener@49c66ade, org.springframework.boot.test.mock.mockito.ResetMocksTestExecutionListener@6239aba6, org.springframework.boot.test.autoconfigure.restdocs.RestDocsTestExecutionListener@3e6104fc, org.springframework.boot.test.autoconfigure.web.client.MockRestServiceServerResetTestExecutionListener@12359a82, org.springframework.boot.test.autoconfigure.web.servlet.MockMvcPrintOnlyOnFailureTestExecutionListener@68df9280, org.springframework.boot.test.autoconfigure.web.servlet.WebDriverTestExecutionListener@479460a6, org.springframework.boot.test.autoconfigure.webservices.client.MockWebServiceServerTestExecutionListener@7164ca4c]
2022-09-29 14:54:03.441 [main] INFO  com.example.dechuan.YgWeighbridgeApplicationTests - Starting YgWeighbridgeApplicationTests using Java 1.8.0_281 on EdenX with PID 16616 (started by EdenX in D:\Work\idea\yg-weight)
2022-09-29 14:54:03.443 [main] INFO  com.example.dechuan.YgWeighbridgeApplicationTests - The following profiles are active: pro
2022-09-29 14:54:08.118 [main] INFO  org.springframework.boot.autoconfigure.web.servlet.WelcomePageHandlerMapping - Adding welcome page template: index
2022-09-29 14:54:09.613 [main] INFO  com.example.dechuan.YgWeighbridgeApplicationTests - Started YgWeighbridgeApplicationTests in 6.877 seconds (JVM running for 9.364)
2022-09-29 14:55:48.405 [main] INFO  org.springframework.boot.test.context.SpringBootTestContextBootstrapper - Neither @ContextConfiguration nor @ContextHierarchy found for test class [com.example.dechuan.YgWeighbridgeApplicationTests], using SpringBootContextLoader
2022-09-29 14:55:48.413 [main] INFO  org.springframework.test.context.support.AbstractContextLoader - Could not detect default resource locations for test class [com.example.dechuan.YgWeighbridgeApplicationTests]: no resource found for suffixes {-context.xml, Context.groovy}.
2022-09-29 14:55:48.414 [main] INFO  org.springframework.test.context.support.AnnotationConfigContextLoaderUtils - Could not detect default configuration classes for test class [com.example.dechuan.YgWeighbridgeApplicationTests]: YgWeighbridgeApplicationTests does not declare any static, non-private, non-final, nested classes annotated with @Configuration.
2022-09-29 14:55:48.660 [main] INFO  org.springframework.boot.test.context.SpringBootTestContextBootstrapper - Found @SpringBootConfiguration com.example.dechuan.YgWeighbridgeApplication for test class com.example.dechuan.YgWeighbridgeApplicationTests
2022-09-29 14:55:48.834 [main] INFO  org.springframework.boot.test.context.SpringBootTestContextBootstrapper - Loaded default TestExecutionListener class names from location [META-INF/spring.factories]: [org.springframework.boot.test.mock.mockito.MockitoTestExecutionListener, org.springframework.boot.test.mock.mockito.ResetMocksTestExecutionListener, org.springframework.boot.test.autoconfigure.restdocs.RestDocsTestExecutionListener, org.springframework.boot.test.autoconfigure.web.client.MockRestServiceServerResetTestExecutionListener, org.springframework.boot.test.autoconfigure.web.servlet.MockMvcPrintOnlyOnFailureTestExecutionListener, org.springframework.boot.test.autoconfigure.web.servlet.WebDriverTestExecutionListener, org.springframework.boot.test.autoconfigure.webservices.client.MockWebServiceServerTestExecutionListener, org.springframework.test.context.web.ServletTestExecutionListener, org.springframework.test.context.support.DirtiesContextBeforeModesTestExecutionListener, org.springframework.test.context.event.ApplicationEventsTestExecutionListener, org.springframework.test.context.support.DependencyInjectionTestExecutionListener, org.springframework.test.context.support.DirtiesContextTestExecutionListener, org.springframework.test.context.transaction.TransactionalTestExecutionListener, org.springframework.test.context.jdbc.SqlScriptsTestExecutionListener, org.springframework.test.context.event.EventPublishingTestExecutionListener]
2022-09-29 14:55:48.892 [main] INFO  org.springframework.boot.test.context.SpringBootTestContextBootstrapper - Using TestExecutionListeners: [org.springframework.test.context.web.ServletTestExecutionListener@6c4980d3, org.springframework.test.context.support.DirtiesContextBeforeModesTestExecutionListener@327bcebd, org.springframework.test.context.event.ApplicationEventsTestExecutionListener@19c65cdc, org.springframework.boot.test.mock.mockito.MockitoTestExecutionListener@74bf1791, org.springframework.boot.test.autoconfigure.SpringBootDependencyInjectionTestExecutionListener@54504ecd, org.springframework.test.context.support.DirtiesContextTestExecutionListener@38b27cdc, org.springframework.test.context.transaction.TransactionalTestExecutionListener@1339e7aa, org.springframework.test.context.jdbc.SqlScriptsTestExecutionListener@1fb669c3, org.springframework.test.context.event.EventPublishingTestExecutionListener@49c66ade, org.springframework.boot.test.mock.mockito.ResetMocksTestExecutionListener@6239aba6, org.springframework.boot.test.autoconfigure.restdocs.RestDocsTestExecutionListener@3e6104fc, org.springframework.boot.test.autoconfigure.web.client.MockRestServiceServerResetTestExecutionListener@12359a82, org.springframework.boot.test.autoconfigure.web.servlet.MockMvcPrintOnlyOnFailureTestExecutionListener@68df9280, org.springframework.boot.test.autoconfigure.web.servlet.WebDriverTestExecutionListener@479460a6, org.springframework.boot.test.autoconfigure.webservices.client.MockWebServiceServerTestExecutionListener@7164ca4c]
2022-09-29 14:55:49.793 [main] INFO  com.example.dechuan.YgWeighbridgeApplicationTests - Starting YgWeighbridgeApplicationTests using Java 1.8.0_281 on EdenX with PID 18800 (started by EdenX in D:\Work\idea\yg-weight)
2022-09-29 14:55:49.794 [main] INFO  com.example.dechuan.YgWeighbridgeApplicationTests - The following profiles are active: pro
2022-09-29 14:55:57.042 [main] INFO  org.springframework.boot.autoconfigure.web.servlet.WelcomePageHandlerMapping - Adding welcome page template: index
2022-09-29 14:55:58.675 [main] INFO  com.example.dechuan.YgWeighbridgeApplicationTests - Started YgWeighbridgeApplicationTests in 9.691 seconds (JVM running for 11.606)
2022-09-29 16:03:49.750 [main] INFO  com.example.dechuan.utils.ImageRemarkUtil - <------------ 图片完成添加水印文字 -------->
2022-09-29 16:05:12.374 [main] INFO  com.example.dechuan.utils.ImageRemarkUtil - <------------ 图片完成添加水印文字 -------->
2022-09-29 16:05:48.407 [main] INFO  com.example.dechuan.utils.ImageRemarkUtil - <------------ 图片完成添加水印文字 -------->
2022-09-29 16:06:28.027 [main] INFO  com.example.dechuan.utils.ImageRemarkUtil - <------------ 图片完成添加水印文字 -------->
2022-09-29 16:07:57.489 [main] INFO  com.example.dechuan.utils.ImageRemarkUtil - <------------ 图片完成添加水印文字 -------->
2022-09-29 16:09:27.320 [main] INFO  com.example.dechuan.utils.ImageRemarkUtil - <------------ 图片完成添加水印文字 -------->
2022-09-29 16:11:01.756 [main] INFO  com.example.dechuan.utils.ImageRemarkUtil - <------------ 图片完成添加水印文字 -------->
2022-09-29 16:22:27.285 [main] INFO  com.example.dechuan.utils.ImageRemarkUtil - <------------ 图片完成添加水印文字 -------->
